Performing C++ SOURCE FILE Test HAS_FLAG failed with the following output:
Change Dir: /home/ignacio/CLionProjects/libSDL2pp-tutorial/CMakeFiles/CMakeTmp

Run Build Command(s):/usr/bin/gmake -f Makefile cmTC_c68e6/fast && /usr/bin/gmake  -f CMakeFiles/cmTC_c68e6.dir/build.make CMakeFiles/cmTC_c68e6.dir/build
gmake[1]: Entering directory '/home/ignacio/CLionProjects/libSDL2pp-tutorial/CMakeFiles/CMakeTmp'
Building CXX object CMakeFiles/cmTC_c68e6.dir/src.cxx.o
/usr/bin/c++ -DHAS_FLAG  -std=c++11    -Wmissing-prototypes -o CMakeFiles/cmTC_c68e6.dir/src.cxx.o -c /home/ignacio/CLionProjects/libSDL2pp-tutorial/CMakeFiles/CMakeTmp/src.cxx
cc1plus: warning: command-line option '-Wmissing-prototypes' is valid for C/ObjC but not for C++
Linking CXX executable cmTC_c68e6
/usr/bin/cmake -E cmake_link_script CMakeFiles/cmTC_c68e6.dir/link.txt --verbose=1
/usr/bin/c++  -std=c++11  -rdynamic CMakeFiles/cmTC_c68e6.dir/src.cxx.o -o cmTC_c68e6 
gmake[1]: Leaving directory '/home/ignacio/CLionProjects/libSDL2pp-tutorial/CMakeFiles/CMakeTmp'


Source file was:
int main() { return 0; }
Performing C++ SOURCE FILE Test HAS_FLAG failed with the following output:
Change Dir: /home/ignacio/CLionProjects/libSDL2pp-tutorial/CMakeFiles/CMakeTmp

Run Build Command(s):/usr/bin/gmake -f Makefile cmTC_9e81b/fast && /usr/bin/gmake  -f CMakeFiles/cmTC_9e81b.dir/build.make CMakeFiles/cmTC_9e81b.dir/build
gmake[1]: Entering directory '/home/ignacio/CLionProjects/libSDL2pp-tutorial/CMakeFiles/CMakeTmp'
Building CXX object CMakeFiles/cmTC_9e81b.dir/src.cxx.o
/usr/bin/c++ -DHAS_FLAG  -std=c++11    -Wshorten-64-to-32 -o CMakeFiles/cmTC_9e81b.dir/src.cxx.o -c /home/ignacio/CLionProjects/libSDL2pp-tutorial/CMakeFiles/CMakeTmp/src.cxx
c++: error: unrecognized command-line option '-Wshorten-64-to-32'
gmake[1]: *** [CMakeFiles/cmTC_9e81b.dir/build.make:78: CMakeFiles/cmTC_9e81b.dir/src.cxx.o] Error 1
gmake[1]: Leaving directory '/home/ignacio/CLionProjects/libSDL2pp-tutorial/CMakeFiles/CMakeTmp'
gmake: *** [Makefile:127: cmTC_9e81b/fast] Error 2


Source file was:
int main() { return 0; }
Performing C++ SOURCE FILE Test SDL2PP_WITH_EXPERIMENTAL_OPTIONAL failed with the following output:
Change Dir: /home/ignacio/CLionProjects/libSDL2pp-tutorial/CMakeFiles/CMakeTmp

Run Build Command(s):/usr/bin/gmake -f Makefile cmTC_19663/fast && /usr/bin/gmake  -f CMakeFiles/cmTC_19663.dir/build.make CMakeFiles/cmTC_19663.dir/build
gmake[1]: Entering directory '/home/ignacio/CLionProjects/libSDL2pp-tutorial/CMakeFiles/CMakeTmp'
Building CXX object CMakeFiles/cmTC_19663.dir/src.cxx.o
/usr/bin/c++ -DSDL2PP_WITH_EXPERIMENTAL_OPTIONAL  -std=c++11 -Werror -o CMakeFiles/cmTC_19663.dir/src.cxx.o -c /home/ignacio/CLionProjects/libSDL2pp-tutorial/CMakeFiles/CMakeTmp/src.cxx
/home/ignacio/CLionProjects/libSDL2pp-tutorial/CMakeFiles/CMakeTmp/src.cxx: In function ‘int main()’:
/home/ignacio/CLionProjects/libSDL2pp-tutorial/CMakeFiles/CMakeTmp/src.cxx:2:19: error: ‘std::experimental’ has not been declared
    2 | int main() { std::experimental::optional<int> o; return !o; }
      |                   ^~~~~~~~~~~~
/home/ignacio/CLionProjects/libSDL2pp-tutorial/CMakeFiles/CMakeTmp/src.cxx:2:42: error: expected primary-expression before ‘int’
    2 | int main() { std::experimental::optional<int> o; return !o; }
      |                                          ^~~
/home/ignacio/CLionProjects/libSDL2pp-tutorial/CMakeFiles/CMakeTmp/src.cxx:2:58: error: ‘o’ was not declared in this scope
    2 | int main() { std::experimental::optional<int> o; return !o; }
      |                                                          ^
gmake[1]: *** [CMakeFiles/cmTC_19663.dir/build.make:78: CMakeFiles/cmTC_19663.dir/src.cxx.o] Error 1
gmake[1]: Leaving directory '/home/ignacio/CLionProjects/libSDL2pp-tutorial/CMakeFiles/CMakeTmp'
gmake: *** [Makefile:127: cmTC_19663/fast] Error 2


Source file was:
#include <experimental/optional>
int main() { std::experimental::optional<int> o; return !o; }
Performing C++ SOURCE FILE Test HAS_FLAG failed with the following output:
Change Dir: /home/ignacio/CLionProjects/libSDL2pp-tutorial/CMakeFiles/CMakeTmp

Run Build Command(s):/usr/bin/gmake -f Makefile cmTC_918b8/fast && gmake[1]: Entering directory '/home/ignacio/CLionProjects/libSDL2pp-tutorial/CMakeFiles/CMakeTmp'
/usr/bin/gmake  -f CMakeFiles/cmTC_918b8.dir/build.make CMakeFiles/cmTC_918b8.dir/build
gmake[2]: Entering directory '/home/ignacio/CLionProjects/libSDL2pp-tutorial/CMakeFiles/CMakeTmp'
Building CXX object CMakeFiles/cmTC_918b8.dir/src.cxx.o
/usr/bin/c++ -DHAS_FLAG  -std=c++11    -Wmissing-prototypes -o CMakeFiles/cmTC_918b8.dir/src.cxx.o -c /home/ignacio/CLionProjects/libSDL2pp-tutorial/CMakeFiles/CMakeTmp/src.cxx
cc1plus: warning: command-line option '-Wmissing-prototypes' is valid for C/ObjC but not for C++
Linking CXX executable cmTC_918b8
/usr/bin/cmake -E cmake_link_script CMakeFiles/cmTC_918b8.dir/link.txt --verbose=1
/usr/bin/c++  -std=c++11  -rdynamic CMakeFiles/cmTC_918b8.dir/src.cxx.o -o cmTC_918b8 
gmake[2]: Leaving directory '/home/ignacio/CLionProjects/libSDL2pp-tutorial/CMakeFiles/CMakeTmp'
gmake[1]: Leaving directory '/home/ignacio/CLionProjects/libSDL2pp-tutorial/CMakeFiles/CMakeTmp'


Source file was:
int main() { return 0; }
Performing C++ SOURCE FILE Test HAS_FLAG failed with the following output:
Change Dir: /home/ignacio/CLionProjects/libSDL2pp-tutorial/CMakeFiles/CMakeTmp

Run Build Command(s):/usr/bin/gmake -f Makefile cmTC_8f38e/fast && gmake[1]: Entering directory '/home/ignacio/CLionProjects/libSDL2pp-tutorial/CMakeFiles/CMakeTmp'
/usr/bin/gmake  -f CMakeFiles/cmTC_8f38e.dir/build.make CMakeFiles/cmTC_8f38e.dir/build
gmake[2]: Entering directory '/home/ignacio/CLionProjects/libSDL2pp-tutorial/CMakeFiles/CMakeTmp'
Building CXX object CMakeFiles/cmTC_8f38e.dir/src.cxx.o
/usr/bin/c++ -DHAS_FLAG  -std=c++11    -Wshorten-64-to-32 -o CMakeFiles/cmTC_8f38e.dir/src.cxx.o -c /home/ignacio/CLionProjects/libSDL2pp-tutorial/CMakeFiles/CMakeTmp/src.cxx
c++: error: unrecognized command-line option '-Wshorten-64-to-32'
gmake[2]: *** [CMakeFiles/cmTC_8f38e.dir/build.make:78: CMakeFiles/cmTC_8f38e.dir/src.cxx.o] Error 1
gmake[2]: Leaving directory '/home/ignacio/CLionProjects/libSDL2pp-tutorial/CMakeFiles/CMakeTmp'
gmake[1]: *** [Makefile:127: cmTC_8f38e/fast] Error 2
gmake[1]: Leaving directory '/home/ignacio/CLionProjects/libSDL2pp-tutorial/CMakeFiles/CMakeTmp'


Source file was:
int main() { return 0; }
Performing C++ SOURCE FILE Test HAS_FLAG failed with the following output:
Change Dir: /home/ignacio/CLionProjects/libSDL2pp-tutorial/CMakeFiles/CMakeTmp

Run Build Command(s):/usr/bin/gmake -f Makefile cmTC_a4de6/fast && gmake[1]: Entering directory '/home/ignacio/CLionProjects/libSDL2pp-tutorial/CMakeFiles/CMakeTmp'
/usr/bin/gmake  -f CMakeFiles/cmTC_a4de6.dir/build.make CMakeFiles/cmTC_a4de6.dir/build
gmake[2]: Entering directory '/home/ignacio/CLionProjects/libSDL2pp-tutorial/CMakeFiles/CMakeTmp'
Building CXX object CMakeFiles/cmTC_a4de6.dir/src.cxx.o
/usr/bin/c++ -DHAS_FLAG  -std=c++11    -Wmissing-prototypes -o CMakeFiles/cmTC_a4de6.dir/src.cxx.o -c /home/ignacio/CLionProjects/libSDL2pp-tutorial/CMakeFiles/CMakeTmp/src.cxx
cc1plus: warning: command-line option '-Wmissing-prototypes' is valid for C/ObjC but not for C++
Linking CXX executable cmTC_a4de6
/usr/bin/cmake -E cmake_link_script CMakeFiles/cmTC_a4de6.dir/link.txt --verbose=1
/usr/bin/c++  -std=c++11  -rdynamic CMakeFiles/cmTC_a4de6.dir/src.cxx.o -o cmTC_a4de6 
gmake[2]: Leaving directory '/home/ignacio/CLionProjects/libSDL2pp-tutorial/CMakeFiles/CMakeTmp'
gmake[1]: Leaving directory '/home/ignacio/CLionProjects/libSDL2pp-tutorial/CMakeFiles/CMakeTmp'


Source file was:
int main() { return 0; }
Performing C++ SOURCE FILE Test HAS_FLAG failed with the following output:
Change Dir: /home/ignacio/CLionProjects/libSDL2pp-tutorial/CMakeFiles/CMakeTmp

Run Build Command(s):/usr/bin/gmake -f Makefile cmTC_ca4f2/fast && gmake[1]: Entering directory '/home/ignacio/CLionProjects/libSDL2pp-tutorial/CMakeFiles/CMakeTmp'
/usr/bin/gmake  -f CMakeFiles/cmTC_ca4f2.dir/build.make CMakeFiles/cmTC_ca4f2.dir/build
gmake[2]: Entering directory '/home/ignacio/CLionProjects/libSDL2pp-tutorial/CMakeFiles/CMakeTmp'
Building CXX object CMakeFiles/cmTC_ca4f2.dir/src.cxx.o
/usr/bin/c++ -DHAS_FLAG  -std=c++11    -Wshorten-64-to-32 -o CMakeFiles/cmTC_ca4f2.dir/src.cxx.o -c /home/ignacio/CLionProjects/libSDL2pp-tutorial/CMakeFiles/CMakeTmp/src.cxx
c++: error: unrecognized command-line option '-Wshorten-64-to-32'
gmake[2]: *** [CMakeFiles/cmTC_ca4f2.dir/build.make:78: CMakeFiles/cmTC_ca4f2.dir/src.cxx.o] Error 1
gmake[2]: Leaving directory '/home/ignacio/CLionProjects/libSDL2pp-tutorial/CMakeFiles/CMakeTmp'
gmake[1]: *** [Makefile:127: cmTC_ca4f2/fast] Error 2
gmake[1]: Leaving directory '/home/ignacio/CLionProjects/libSDL2pp-tutorial/CMakeFiles/CMakeTmp'


Source file was:
int main() { return 0; }
Performing C++ SOURCE FILE Test HAS_FLAG failed with the following output:
Change Dir: /home/ignacio/CLionProjects/libSDL2pp-tutorial/CMakeFiles/CMakeTmp

Run Build Command(s):/usr/bin/gmake -f Makefile cmTC_2af3a/fast && gmake[1]: Entering directory '/home/ignacio/CLionProjects/libSDL2pp-tutorial/CMakeFiles/CMakeTmp'
/usr/bin/gmake  -f CMakeFiles/cmTC_2af3a.dir/build.make CMakeFiles/cmTC_2af3a.dir/build
gmake[2]: Entering directory '/home/ignacio/CLionProjects/libSDL2pp-tutorial/CMakeFiles/CMakeTmp'
Building CXX object CMakeFiles/cmTC_2af3a.dir/src.cxx.o
/usr/bin/c++ -DHAS_FLAG  -std=c++11    -Wmissing-prototypes -o CMakeFiles/cmTC_2af3a.dir/src.cxx.o -c /home/ignacio/CLionProjects/libSDL2pp-tutorial/CMakeFiles/CMakeTmp/src.cxx
cc1plus: warning: command-line option '-Wmissing-prototypes' is valid for C/ObjC but not for C++
Linking CXX executable cmTC_2af3a
/usr/bin/cmake -E cmake_link_script CMakeFiles/cmTC_2af3a.dir/link.txt --verbose=1
/usr/bin/c++  -std=c++11  -rdynamic CMakeFiles/cmTC_2af3a.dir/src.cxx.o -o cmTC_2af3a 
gmake[2]: Leaving directory '/home/ignacio/CLionProjects/libSDL2pp-tutorial/CMakeFiles/CMakeTmp'
gmake[1]: Leaving directory '/home/ignacio/CLionProjects/libSDL2pp-tutorial/CMakeFiles/CMakeTmp'


Source file was:
int main() { return 0; }
Performing C++ SOURCE FILE Test HAS_FLAG failed with the following output:
Change Dir: /home/ignacio/CLionProjects/libSDL2pp-tutorial/CMakeFiles/CMakeTmp

Run Build Command(s):/usr/bin/gmake -f Makefile cmTC_2c883/fast && gmake[1]: Entering directory '/home/ignacio/CLionProjects/libSDL2pp-tutorial/CMakeFiles/CMakeTmp'
/usr/bin/gmake  -f CMakeFiles/cmTC_2c883.dir/build.make CMakeFiles/cmTC_2c883.dir/build
gmake[2]: Entering directory '/home/ignacio/CLionProjects/libSDL2pp-tutorial/CMakeFiles/CMakeTmp'
Building CXX object CMakeFiles/cmTC_2c883.dir/src.cxx.o
/usr/bin/c++ -DHAS_FLAG  -std=c++11    -Wshorten-64-to-32 -o CMakeFiles/cmTC_2c883.dir/src.cxx.o -c /home/ignacio/CLionProjects/libSDL2pp-tutorial/CMakeFiles/CMakeTmp/src.cxx
c++: error: unrecognized command-line option '-Wshorten-64-to-32'
gmake[2]: *** [CMakeFiles/cmTC_2c883.dir/build.make:78: CMakeFiles/cmTC_2c883.dir/src.cxx.o] Error 1
gmake[2]: Leaving directory '/home/ignacio/CLionProjects/libSDL2pp-tutorial/CMakeFiles/CMakeTmp'
gmake[1]: *** [Makefile:127: cmTC_2c883/fast] Error 2
gmake[1]: Leaving directory '/home/ignacio/CLionProjects/libSDL2pp-tutorial/CMakeFiles/CMakeTmp'


Source file was:
int main() { return 0; }
